<?xml version="1.0" encoding="utf-8"?><testsuites name="pytest tests"><testsuite name="pytest" errors="0" failures="0" skipped="0" tests="6" time="1.084" timestamp="2026-05-02T17:50:08.808817+00:00" hostname="agent-env-151c9d4a-ae89-45cd-b2d8-2b2590a18cdd"><testcase classname="tests.test_contact_api.TestRoot" name="test_api_root" time="0.271" /><testcase classname="tests.test_contact_api.TestContactForm" name="test_submit_contact_with_all_fields" time="0.204" /><testcase classname="tests.test_contact_api.TestContactForm" name="test_submit_contact_without_email" time="0.104" /><testcase classname="tests.test_contact_api.TestContactForm" name="test_submit_contact_missing_required_fields" time="0.139" /><testcase classname="tests.test_contact_api.TestContactForm" name="test_get_contact_submissions" time="0.108" /><testcase classname="tests.test_contact_api.TestStatus" name="test_create_and_get_status" time="0.184" /></testsuite></testsuites>